LINK : warning LNK4075: ignoring '/INCREMENTAL' due to '/LTCG' specification
main.obj : warning LNK4075: ignoring '/EDITANDCONTINUE' due to '/OPT:LBR' specification
batchrenderer2d.obj : error LNK2001: unresolved external symbol __imp___glewBindBuffer
buffer.obj : error LNK2001: unresolved external symbol __imp___glewBindBuffer
indexbuffer.obj : error LNK2001: unresolved external symbol __imp___glewBindBuffer
batchrenderer2d.obj : error LNK2001: unresolved external symbol __imp___glewBufferData
buffer.obj : error LNK2001: unresolved external symbol __imp___glewBufferData
indexbuffer.obj : error LNK2001: unresolved external symbol __imp___glewBufferData
batchrenderer2d.obj : error LNK2001: unresolved external symbol __imp___glewDeleteBuffers
buffer.obj : error LNK2001: unresolved external symbol __imp___glewDeleteBuffers
indexbuffer.obj : error LNK2001: unresolved external symbol __imp___glewDeleteBuffers
batchrenderer2d.obj : error LNK2001: unresolved external symbol __imp___glewGenBuffers
buffer.obj : error LNK2001: unresolved external symbol __imp___glewGenBuffers
indexbuffer.obj : error LNK2001: unresolved external symbol __imp___glewGenBuffers
batchrenderer2d.obj : error LNK2001: unresolved external symbol __imp___glewMapBuffer
batchrenderer2d.obj : error LNK2001: unresolved external symbol __imp___glewUnmapBuffer
batchrenderer2d.obj : error LNK2001: unresolved external symbol __imp___glewEnableVertexAttribArray
vertexarray.obj : error LNK2001: unresolved external symbol __imp___glewEnableVertexAttribArray
batchrenderer2d.obj : error LNK2001: unresolved external symbol __imp___glewVertexAttribPointer
vertexarray.obj : error LNK2001: unresolved external symbol __imp___glewVertexAttribPointer
batchrenderer2d.obj : error LNK2001: unresolved external symbol __imp___glewBindVertexArray
vertexarray.obj : error LNK2001: unresolved external symbol __imp___glewBindVertexArray
batchrenderer2d.obj : error LNK2001: unresolved external symbol __imp___glewGenVertexArrays
vertexarray.obj : error LNK2001: unresolved external symbol __imp___glewGenVertexArrays
vertexarray.obj : error LNK2001: unresolved external symbol __imp___glewDeleteVertexArrays
shader.obj : error LNK2001: unresolved external symbol __imp___glewAttachShader
shader.obj : error LNK2001: unresolved external symbol __imp___glewCompileShader
shader.obj : error LNK2001: unresolved external symbol __imp___glewCreateProgram
shader.obj : error LNK2001: unresolved external symbol __imp___glewCreateShader
shader.obj : error LNK2001: unresolved external symbol __imp___glewDeleteProgram
shader.obj : error LNK2001: unresolved external symbol __imp___glewDeleteShader
shader.obj : error LNK2001: unresolved external symbol __imp___glewGetShaderInfoLog
shader.obj : error LNK2001: unresolved external symbol __imp___glewGetShaderiv
shader.obj : error LNK2001: unresolved external symbol __imp___glewGetUniformLocation
shader.obj : error LNK2001: unresolved external symbol __imp___glewLinkProgram
shader.obj : error LNK2001: unresolved external symbol __imp___glewShaderSource
shader.obj : error LNK2001: unresolved external symbol __imp___glewUniform1f
shader.obj : error LNK2001: unresolved external symbol __imp___glewUniform1i
shader.obj : error LNK2001: unresolved external symbol __imp___glewUniform2f
shader.obj : error LNK2001: unresolved external symbol __imp___glewUniform3f
shader.obj : error LNK2001: unresolved external symbol __imp___glewUniform4f
shader.obj : error LNK2001: unresolved external symbol __imp___glewUniformMatrix4fv
shader.obj : error LNK2001: unresolved external symbol __imp___glewUseProgram
shader.obj : error LNK2001: unresolved external symbol __imp___glewValidateProgram
window.obj : error LNK2001: unresolved external symbol __imp_glewInit
window.obj : error LNK2001: unresolved external symbol glfwInit
window.obj : error LNK2001: unresolved external symbol glfwTerminate
window.obj : error LNK2001: unresolved external symbol glfwCreateWindow
window.obj : error LNK2001: unresolved external symbol glfwWindowShouldClose
window.obj : error LNK2001: unresolved external symbol glfwGetFramebufferSize
window.obj : error LNK2001: unresolved external symbol glfwSetWindowUserPointer
window.obj : error LNK2001: unresolved external symbol glfwGetWindowUserPointer
window.obj : error LNK2001: unresolved external symbol glfwSetFramebufferSizeCallback
window.obj : error LNK2001: unresolved external symbol glfwPollEvents
window.obj : error LNK2001: unresolved external symbol glfwSetKeyCallback
window.obj : error LNK2001: unresolved external symbol glfwSetMouseButtonCallback
window.obj : error LNK2001: unresolved external symbol glfwSetCursorPosCallback
window.obj : error LNK2001: unresolved external symbol glfwMakeContextCurrent
window.obj : error LNK2001: unresolved external symbol glfwSwapBuffers
window.obj : error LNK2001: unresolved external symbol glfwSwapInterval
C:\Users\nikhil\Documents\Visual Studio 2015\Projects\Lumious\bin\x64\Debug\Lumious-core.exe : fatal error LNK1120: 46 unresolved externals
