c:\users\nikhil\documents\visual studio 2015\projects\lumious\bin\x64\release\intermediates\vc140.pdb
c:\users\nikhil\documents\visual studio 2015\projects\lumious\bin\x64\release\intermediates\vec4.obj
c:\users\nikhil\documents\visual studio 2015\projects\lumious\bin\x64\release\intermediates\vec3.obj
c:\users\nikhil\documents\visual studio 2015\projects\lumious\bin\x64\release\intermediates\vec2.obj
c:\users\nikhil\documents\visual studio 2015\projects\lumious\bin\x64\release\intermediates\mat4.obj
c:\users\nikhil\documents\visual studio 2015\projects\lumious\bin\x64\release\intermediates\window.obj
c:\users\nikhil\documents\visual studio 2015\projects\lumious\bin\x64\release\intermediates\tilelayer.obj
c:\users\nikhil\documents\visual studio 2015\projects\lumious\bin\x64\release\intermediates\static_sprite.obj
c:\users\nikhil\documents\visual studio 2015\projects\lumious\bin\x64\release\intermediates\sprite.obj
c:\users\nikhil\documents\visual studio 2015\projects\lumious\bin\x64\release\intermediates\shader.obj
c:\users\nikhil\documents\visual studio 2015\projects\lumious\bin\x64\release\intermediates\simple2drenderer.obj
c:\users\nikhil\documents\visual studio 2015\projects\lumious\bin\x64\release\intermediates\layer.obj
c:\users\nikhil\documents\visual studio 2015\projects\lumious\bin\x64\release\intermediates\vertexarray.obj
c:\users\nikhil\documents\visual studio 2015\projects\lumious\bin\x64\release\intermediates\indexbuffer.obj
c:\users\nikhil\documents\visual studio 2015\projects\lumious\bin\x64\release\intermediates\buffer.obj
c:\users\nikhil\documents\visual studio 2015\projects\lumious\bin\x64\release\intermediates\batchrenderer2d.obj
c:\users\nikhil\documents\visual studio 2015\projects\lumious\bin\x64\release\intermediates\main.obj
c:\users\nikhil\documents\visual studio 2015\projects\lumious\bin\x64\release\intermediates\lumious-core.tlog\cl.command.1.tlog
c:\users\nikhil\documents\visual studio 2015\projects\lumious\bin\x64\release\intermediates\lumious-core.tlog\cl.read.1.tlog
c:\users\nikhil\documents\visual studio 2015\projects\lumious\bin\x64\release\intermediates\lumious-core.tlog\cl.write.1.tlog
c:\users\nikhil\documents\visual studio 2015\projects\lumious\bin\x64\release\intermediates\lumious-core.tlog\link.command.1.tlog
c:\users\nikhil\documents\visual studio 2015\projects\lumious\bin\x64\release\intermediates\lumious-core.tlog\link.read.1.tlog
c:\users\nikhil\documents\visual studio 2015\projects\lumious\bin\x64\release\intermediates\lumious-core.tlog\link.write.1.tlog
