c:\users\nikhi\source\lumious\bin\x86\release\intermediates\batchrenderer2d.obj
c:\users\nikhi\source\lumious\bin\x86\release\intermediates\layer.obj
c:\users\nikhi\source\lumious\bin\x86\release\intermediates\tilelayer.obj
c:\users\nikhi\source\lumious\bin\x86\release\intermediates\vec2.obj
c:\users\nikhi\source\lumious\bin\x86\release\intermediates\indexbuffer.obj
c:\users\nikhi\source\lumious\bin\x86\release\intermediates\group.obj
c:\users\nikhi\source\lumious\bin\x86\release\intermediates\rectangle.obj
c:\users\nikhi\source\lumious\bin\x86\release\intermediates\mat4.obj
c:\users\nikhi\source\lumious\bin\x86\release\intermediates\vec4.obj
c:\users\nikhi\source\lumious\bin\x86\release\intermediates\buffer.obj
c:\users\nikhi\source\lumious\bin\x86\release\intermediates\vertexarray.obj
c:\users\nikhi\source\lumious\bin\x86\release\intermediates\model.obj
c:\users\nikhi\source\lumious\bin\x86\release\intermediates\window.obj
c:\users\nikhi\source\lumious\bin\x86\release\intermediates\vec3.obj
c:\users\nikhi\source\lumious\bin\x86\release\intermediates\main.obj
c:\users\nikhi\source\lumious\bin\x86\release\intermediates\shader.obj
c:\users\nikhi\source\lumious\bin\x86\release\intermediates\matrix.obj
c:\users\nikhi\source\lumious\bin\x86\release\lumious-core.ipdb
c:\users\nikhi\source\lumious\bin\x86\release\lumious-core.iobj
c:\users\nikhi\source\lumious\bin\x86\release\intermediates\lumious-core.tlog\cl.command.1.tlog
c:\users\nikhi\source\lumious\bin\x86\release\intermediates\lumious-core.tlog\cl.read.1.tlog
c:\users\nikhi\source\lumious\bin\x86\release\intermediates\lumious-core.tlog\cl.write.1.tlog
c:\users\nikhi\source\lumious\bin\x86\release\intermediates\lumious-core.tlog\link.command.1.tlog
c:\users\nikhi\source\lumious\bin\x86\release\intermediates\lumious-core.tlog\link.read.1.tlog
c:\users\nikhi\source\lumious\bin\x86\release\intermediates\lumious-core.tlog\link.write.1.tlog
c:\users\nikhi\source\lumious\bin\x86\release\intermediates\lumious-core.tlog\lumious-core.write.1u.tlog
